[debug] [2020-10-10T22:14:24.610Z] ----------------------------------------------------------------------
[debug] [2020-10-10T22:14:24.612Z] Command:       /Users/jennifergrenier/.nvm/versions/node/v14.8.0/bin/node /Users/jennifergrenier/.nvm/versions/node/v14.8.0/bin/firebase init
[debug] [2020-10-10T22:14:24.612Z] CLI Version:   8.12.1
[debug] [2020-10-10T22:14:24.612Z] Platform:      darwin
[debug] [2020-10-10T22:14:24.612Z] Node Version:  v14.8.0
[debug] [2020-10-10T22:14:24.613Z] Time:          Sat Oct 10 2020 16:14:24 GMT-0600 (Mountain Daylight Time)
[debug] [2020-10-10T22:14:24.613Z] ----------------------------------------------------------------------
[debug] [2020-10-10T22:14:24.613Z] 
[debug] [2020-10-10T22:14:24.617Z] > command requires scopes: ["email","openid","https://www.googleapis.com/auth/cloudplatformprojects.readonly","https://www.googleapis.com/auth/firebase","https://www.googleapis.com/auth/cloud-platform"]
[debug] [2020-10-10T22:14:24.617Z] > authorizing via signed-in user
[info] 
     ######## #### ########  ######## ########     ###     ######  ########
     ##        ##  ##     ## ##       ##     ##  ##   ##  ##       ##
     ######    ##  ########  ######   ########  #########  ######  ######
     ##        ##  ##    ##  ##       ##     ## ##     ##       ## ##
     ##       #### ##     ## ######## ########  ##     ##  ######  ########

You're about to initialize a Firebase project in this directory:

  /Users/jennifergrenier/Flatiron/MOD4/BuildandBurn/Women-of-Tech-FE/women-of-tech-fe

Before we get started, keep in mind:

  * You are initializing in an existing Firebase project directory

